  Main.cpp
  MobileAppInterface.cpp
  SecurityAlarm.cpp
  SecuritySystem.cpp
c:\users\senaloyd\source\repos\cis108_lab4_securitysystem\securitysystem\securitysystem.cpp(93): error C2678: binary '==': no operator found which takes a left-hand operand of type 'int' (or there is no acceptable conversion)
  c:\program files (x86)\microsoft visual studio\2017\community\vc\tools\msvc\14.16.27023\include\system_error(284): note: could be 'bool std::operator ==(const std::error_condition &,const std::error_condition &) noexcept'
  c:\program files (x86)\microsoft visual studio\2017\community\vc\tools\msvc\14.16.27023\include\system_error(278): note: or       'bool std::operator ==(const std::error_condition &,const std::error_code &) noexcept'
  c:\program files (x86)\microsoft visual studio\2017\community\vc\tools\msvc\14.16.27023\include\system_error(272): note: or       'bool std::operator ==(const std::error_code &,const std::error_condition &) noexcept'
  c:\program files (x86)\microsoft visual studio\2017\community\vc\tools\msvc\14.16.27023\include\system_error(266): note: or       'bool std::operator ==(const std::error_code &,const std::error_code &) noexcept'
  c:\program files (x86)\microsoft visual studio\2017\community\vc\tools\msvc\14.16.27023\include\exception(331): note: or       'bool std::operator ==(const std::exception_ptr &,std::nullptr_t) noexcept'
  c:\program files (x86)\microsoft visual studio\2017\community\vc\tools\msvc\14.16.27023\include\exception(326): note: or       'bool std::operator ==(std::nullptr_t,const std::exception_ptr &) noexcept'
  c:\program files (x86)\microsoft visual studio\2017\community\vc\tools\msvc\14.16.27023\include\exception(321): note: or       'bool std::operator ==(const std::exception_ptr &,const std::exception_ptr &) noexcept'
  c:\users\senaloyd\source\repos\cis108_lab4_securitysystem\securitysystem\securitysystem.cpp(93): note: while trying to match the argument list '(int, const std::string)'
c:\users\senaloyd\source\repos\cis108_lab4_securitysystem\securitysystem\securitysystem.cpp(98): error C2678: binary '==': no operator found which takes a left-hand operand of type 'int' (or there is no acceptable conversion)
  c:\program files (x86)\microsoft visual studio\2017\community\vc\tools\msvc\14.16.27023\include\system_error(284): note: could be 'bool std::operator ==(const std::error_condition &,const std::error_condition &) noexcept'
  c:\program files (x86)\microsoft visual studio\2017\community\vc\tools\msvc\14.16.27023\include\system_error(278): note: or       'bool std::operator ==(const std::error_condition &,const std::error_code &) noexcept'
  c:\program files (x86)\microsoft visual studio\2017\community\vc\tools\msvc\14.16.27023\include\system_error(272): note: or       'bool std::operator ==(const std::error_code &,const std::error_condition &) noexcept'
  c:\program files (x86)\microsoft visual studio\2017\community\vc\tools\msvc\14.16.27023\include\system_error(266): note: or       'bool std::operator ==(const std::error_code &,const std::error_code &) noexcept'
  c:\program files (x86)\microsoft visual studio\2017\community\vc\tools\msvc\14.16.27023\include\exception(331): note: or       'bool std::operator ==(const std::exception_ptr &,std::nullptr_t) noexcept'
  c:\program files (x86)\microsoft visual studio\2017\community\vc\tools\msvc\14.16.27023\include\exception(326): note: or       'bool std::operator ==(std::nullptr_t,const std::exception_ptr &) noexcept'
  c:\program files (x86)\microsoft visual studio\2017\community\vc\tools\msvc\14.16.27023\include\exception(321): note: or       'bool std::operator ==(const std::exception_ptr &,const std::exception_ptr &) noexcept'
  c:\users\senaloyd\source\repos\cis108_lab4_securitysystem\securitysystem\securitysystem.cpp(98): note: while trying to match the argument list '(int, const std::string)'
c:\users\senaloyd\source\repos\cis108_lab4_securitysystem\securitysystem\securitysystem.cpp(198): error C2664: 'void DoorLock::initializeDoorLock(DoorLock::DoorLockEventHandler)': cannot convert argument 1 from 'void (__cdecl *)(DoorLock::DoorLockEvent,int)' to 'DoorLock::DoorLockEventHandler'
  c:\users\senaloyd\source\repos\cis108_lab4_securitysystem\securitysystem\securitysystem.cpp(198): note: No constructor could take the source type, or constructor overload resolution was ambiguous
  SensorInputTest.cpp
  VideoDoorbell.cpp
  DoorLock.cpp
  WindowSensor.cpp
  Generating Code...
